INFO  - 2017-09-21 07:27:33.012; [   ] org.eclipse.jetty.util.log.Log; Logging initialized @1179ms
INFO  - 2017-09-21 07:27:33.779; [   ] org.eclipse.jetty.server.Server; jetty-9.3.14.v20161028
INFO  - 2017-09-21 07:27:33.861; [   ] org.eclipse.jetty.deploy.providers.ScanningAppProvider; Deployment monitor [file:///opt/lampp/htdocs/playground/ojs-lucene/plugins/generic/lucene/lib/solr-6.6.0/server/contexts/] at interval 0
INFO  - 2017-09-21 07:27:34.361; [   ] org.eclipse.jetty.webapp.StandardDescriptorProcessor; NO JSP Support for /solr, did not find org.apache.jasper.servlet.JspServlet
INFO  - 2017-09-21 07:27:34.703; [   ] org.apache.solr.servlet.SolrDispatchFilter;  ___      _       Welcome to Apache Solr™ version 6.6.0
INFO  - 2017-09-21 07:27:34.704; [   ] org.apache.solr.servlet.SolrDispatchFilter; / __| ___| |_ _   Starting in standalone mode on port 8983
INFO  - 2017-09-21 07:27:34.704; [   ] org.apache.solr.servlet.SolrDispatchFilter; \__ \/ _ \ | '_|  Install dir: /opt/lampp/htdocs/playground/ojs-lucene/plugins/generic/lucene/lib/solr-6.6.0
INFO  - 2017-09-21 07:27:34.822; [   ] org.apache.solr.servlet.SolrDispatchFilter; |___/\___/_|_|    Start time: 2017-09-21T07:27:34.706Z
INFO  - 2017-09-21 07:27:34.957; [   ] org.apache.solr.core.SolrResourceLoader; Using system property solr.solr.home: /opt/lampp/htdocs/playground/ojs-lucene/plugins/generic/lucene/lib/solr-6.6.0/example/example-DIH/solr
INFO  - 2017-09-21 07:27:34.986; [   ] org.apache.solr.core.SolrXmlConfig; Loading container configuration from /opt/lampp/htdocs/playground/ojs-lucene/plugins/generic/lucene/lib/solr-6.6.0/example/example-DIH/solr/solr.xml
INFO  - 2017-09-21 07:27:36.640; [   ] org.apache.solr.update.UpdateShardHandler; Creating UpdateShardHandler HTTP client with params: socketTimeout=600000&connTimeout=60000&retry=true
INFO  - 2017-09-21 07:27:37.881; [   ] org.apache.solr.core.CorePropertiesLocator; Found 5 core definitions underneath /opt/lampp/htdocs/playground/ojs-lucene/plugins/generic/lucene/lib/solr-6.6.0/example/example-DIH/solr
INFO  - 2017-09-21 07:27:37.883; [   ] org.apache.solr.core.CorePropertiesLocator; Cores are: [solr, db, mail, tika, atom]
INFO  - 2017-09-21 07:27:38.390; [   x:db] org.apache.solr.core.SolrResourceLoader; [null] Added 2 libs to classloader, from paths: [/opt/lampp/htdocs/playground/ojs-lucene/plugins/generic/lucene/lib/solr-6.6.0/example/example-DIH/solr/db/lib]
WARN  - 2017-09-21 07:27:38.592; [   x:mail] org.apache.solr.core.SolrConfig; Couldn't add files from /opt/lampp/htdocs/playground/ojs-lucene/plugins/generic/lucene/lib/solr-6.6.0/contrib/dataimporthandler/lib filtered by .*\.jar to classpath: /opt/lampp/htdocs/playground/ojs-lucene/plugins/generic/lucene/lib/solr-6.6.0/contrib/dataimporthandler/lib
INFO  - 2017-09-21 07:27:38.604; [   ] org.eclipse.jetty.server.handler.ContextHandler; Started o.e.j.w.WebAppContext@7a1ebcd8{/solr,file:///opt/lampp/htdocs/playground/ojs-lucene/plugins/generic/lucene/lib/solr-6.6.0/server/solr-webapp/webapp/,AVAILABLE}{/opt/lampp/htdocs/playground/ojs-lucene/plugins/generic/lucene/lib/solr-6.6.0/server/solr-webapp/webapp}
INFO  - 2017-09-21 07:27:38.660; [   x:mail] org.apache.solr.core.SolrResourceLoader; [mail] Added 49 libs to classloader, from paths: [/opt/lampp/htdocs/playground/ojs-lucene/plugins/generic/lucene/lib/solr-6.6.0/contrib/dataimporthandler-extras/lib, /opt/lampp/htdocs/playground/ojs-lucene/plugins/generic/lucene/lib/solr-6.6.0/contrib/extraction/lib, /opt/lampp/htdocs/playground/ojs-lucene/plugins/generic/lucene/lib/solr-6.6.0/contrib/langid/lib, /opt/lampp/htdocs/playground/ojs-lucene/plugins/generic/lucene/lib/solr-6.6.0/contrib/velocity/lib, /opt/lampp/htdocs/playground/ojs-lucene/plugins/generic/lucene/lib/solr-6.6.0/dist]
INFO  - 2017-09-21 07:27:38.661; [   x:solr] org.apache.solr.core.SolrResourceLoader; [solr] Added 46 libs to classloader, from paths: [/opt/lampp/htdocs/playground/ojs-lucene/plugins/generic/lucene/lib/solr-6.6.0/contrib/extraction/lib, /opt/lampp/htdocs/playground/ojs-lucene/plugins/generic/lucene/lib/solr-6.6.0/contrib/langid/lib, /opt/lampp/htdocs/playground/ojs-lucene/plugins/generic/lucene/lib/solr-6.6.0/contrib/velocity/lib, /opt/lampp/htdocs/playground/ojs-lucene/plugins/generic/lucene/lib/solr-6.6.0/dist]
INFO  - 2017-09-21 07:27:38.826; [   ] org.eclipse.jetty.server.AbstractConnector; Started ServerConnector@18271936{HTTP/1.1,[http/1.1]}{0.0.0.0:8983}
INFO  - 2017-09-21 07:27:38.827; [   ] org.eclipse.jetty.server.Server; Started @6997ms
INFO  - 2017-09-21 07:27:40.506; [   x:db] org.apache.solr.core.SolrResourceLoader; [db] Added 46 libs to classloader, from paths: [/opt/lampp/htdocs/playground/ojs-lucene/plugins/generic/lucene/lib/solr-6.6.0/contrib/extraction/lib, /opt/lampp/htdocs/playground/ojs-lucene/plugins/generic/lucene/lib/solr-6.6.0/contrib/langid/lib, /opt/lampp/htdocs/playground/ojs-lucene/plugins/generic/lucene/lib/solr-6.6.0/contrib/velocity/lib, /opt/lampp/htdocs/playground/ojs-lucene/plugins/generic/lucene/lib/solr-6.6.0/dist]
INFO  - 2017-09-21 07:27:41.179; [   x:mail] org.apache.solr.update.SolrIndexConfig; IndexWriter infoStream solr logging is enabled
INFO  - 2017-09-21 07:27:41.193; [   x:solr] org.apache.solr.update.SolrIndexConfig; IndexWriter infoStream solr logging is enabled
INFO  - 2017-09-21 07:27:41.212; [   x:db] org.apache.solr.update.SolrIndexConfig; IndexWriter infoStream solr logging is enabled
INFO  - 2017-09-21 07:27:41.243; [   x:mail] org.apache.solr.core.SolrConfig; Using Lucene MatchVersion: 6.6.0
INFO  - 2017-09-21 07:27:41.248; [   x:solr] org.apache.solr.core.SolrConfig; Using Lucene MatchVersion: 6.6.0
INFO  - 2017-09-21 07:27:41.253; [   x:db] org.apache.solr.core.SolrConfig; Using Lucene MatchVersion: 6.6.0
INFO  - 2017-09-21 07:27:41.842; [   ] org.apache.solr.servlet.HttpSolrCall; [admin] webapp=null path=/admin/info/system params={wt=json} status=0 QTime=374
INFO  - 2017-09-21 07:27:41.851; [   x:mail] org.apache.solr.schema.IndexSchema; [mail] Schema name=example-DIH-mail
INFO  - 2017-09-21 07:27:41.870; [   x:solr] org.apache.solr.schema.IndexSchema; [solr] Schema name=example-DIH-solr
INFO  - 2017-09-21 07:27:41.885; [   x:db] org.apache.solr.schema.IndexSchema; [db] Schema name=example-DIH-db
WARN  - 2017-09-21 07:27:42.438; [   x:solr] org.apache.solr.core.SolrResourceLoader; Solr loaded a deprecated plugin/analysis class [solr.LatLonType]. Please consult documentation how to replace it accordingly.
WARN  - 2017-09-21 07:27:42.438; [   x:mail] org.apache.solr.core.SolrResourceLoader; Solr loaded a deprecated plugin/analysis class [solr.LatLonType]. Please consult documentation how to replace it accordingly.
INFO  - 2017-09-21 07:27:44.653; [   x:db] org.apache.solr.schema.IndexSchema; Loaded schema example-DIH-db/1.6 with uniqueid field id
INFO  - 2017-09-21 07:27:44.653; [   x:solr] org.apache.solr.schema.IndexSchema; Loaded schema example-DIH-solr/1.6 with uniqueid field id
INFO  - 2017-09-21 07:27:44.657; [   x:mail] org.apache.solr.schema.IndexSchema; Loaded schema example-DIH-mail/1.6 with uniqueid field messageId
INFO  - 2017-09-21 07:27:44.715; [   x:solr] org.apache.solr.core.CoreContainer; Creating SolrCore 'solr' using configuration from instancedir /opt/lampp/htdocs/playground/ojs-lucene/plugins/generic/lucene/lib/solr-6.6.0/example/example-DIH/solr/solr, trusted=true
INFO  - 2017-09-21 07:27:44.929; [   x:mail] org.apache.solr.core.CoreContainer; Creating SolrCore 'mail' using configuration from instancedir /opt/lampp/htdocs/playground/ojs-lucene/plugins/generic/lucene/lib/solr-6.6.0/example/example-DIH/solr/mail, trusted=true
INFO  - 2017-09-21 07:27:44.932; [   x:db] org.apache.solr.core.CoreContainer; Creating SolrCore 'db' using configuration from instancedir /opt/lampp/htdocs/playground/ojs-lucene/plugins/generic/lucene/lib/solr-6.6.0/example/example-DIH/solr/db, trusted=true
INFO  - 2017-09-21 07:27:45.054; [   x:solr] org.apache.solr.core.SolrCore; solr.RecoveryStrategy.Builder
INFO  - 2017-09-21 07:27:45.054; [   x:mail] org.apache.solr.core.SolrCore; solr.RecoveryStrategy.Builder
INFO  - 2017-09-21 07:27:45.054; [   x:db] org.apache.solr.core.SolrCore; solr.RecoveryStrategy.Builder
INFO  - 2017-09-21 07:27:45.367; [   x:solr] org.apache.solr.core.SolrCore; [[solr] ] Opening new SolrCore at [/opt/lampp/htdocs/playground/ojs-lucene/plugins/generic/lucene/lib/solr-6.6.0/example/example-DIH/solr/solr], dataDir=[/opt/lampp/htdocs/playground/ojs-lucene/plugins/generic/lucene/lib/solr-6.6.0/example/example-DIH/solr/solr/data/]
INFO  - 2017-09-21 07:27:45.367; [   x:mail] org.apache.solr.core.SolrCore; [[mail] ] Opening new SolrCore at [/opt/lampp/htdocs/playground/ojs-lucene/plugins/generic/lucene/lib/solr-6.6.0/example/example-DIH/solr/mail], dataDir=[/opt/lampp/htdocs/playground/ojs-lucene/plugins/generic/lucene/lib/solr-6.6.0/example/example-DIH/solr/mail/data/]
INFO  - 2017-09-21 07:27:45.367; [   x:db] org.apache.solr.core.SolrCore; [[db] ] Opening new SolrCore at [/opt/lampp/htdocs/playground/ojs-lucene/plugins/generic/lucene/lib/solr-6.6.0/example/example-DIH/solr/db], dataDir=[/opt/lampp/htdocs/playground/ojs-lucene/plugins/generic/lucene/lib/solr-6.6.0/example/example-DIH/solr/db/data/]
INFO  - 2017-09-21 07:27:45.562; [   x:solr] org.apache.solr.response.XSLTResponseWriter; xsltCacheLifetimeSeconds=5
INFO  - 2017-09-21 07:27:45.566; [   x:mail] org.apache.solr.response.XSLTResponseWriter; xsltCacheLifetimeSeconds=5
INFO  - 2017-09-21 07:27:45.565; [   x:db] org.apache.solr.response.XSLTResponseWriter; xsltCacheLifetimeSeconds=5
INFO  - 2017-09-21 07:27:46.335; [   x:db] org.apache.solr.update.UpdateHandler; Using UpdateLog implementation: org.apache.solr.update.UpdateLog
INFO  - 2017-09-21 07:27:46.335; [   x:db] org.apache.solr.update.UpdateLog; Initializing UpdateLog: dataDir= defaultSyncLevel=FLUSH numRecordsToKeep=100 maxNumLogsToKeep=10 numVersionBuckets=65536
INFO  - 2017-09-21 07:27:46.343; [   x:mail] org.apache.solr.update.UpdateHandler; Using UpdateLog implementation: org.apache.solr.update.UpdateLog
INFO  - 2017-09-21 07:27:46.346; [   x:mail] org.apache.solr.update.UpdateLog; Initializing UpdateLog: dataDir= defaultSyncLevel=FLUSH numRecordsToKeep=100 maxNumLogsToKeep=10 numVersionBuckets=65536
INFO  - 2017-09-21 07:27:46.354; [   x:solr] org.apache.solr.update.UpdateHandler; Using UpdateLog implementation: org.apache.solr.update.UpdateLog
INFO  - 2017-09-21 07:27:46.356; [   x:solr] org.apache.solr.update.UpdateLog; Initializing UpdateLog: dataDir= defaultSyncLevel=FLUSH numRecordsToKeep=100 maxNumLogsToKeep=10 numVersionBuckets=65536
INFO  - 2017-09-21 07:27:46.366; [   x:mail] org.apache.solr.update.CommitTracker; Hard AutoCommit: if uncommited for 15000ms; 
INFO  - 2017-09-21 07:27:46.366; [   x:mail] org.apache.solr.update.CommitTracker; Soft AutoCommit: disabled
INFO  - 2017-09-21 07:27:46.368; [   x:solr] org.apache.solr.update.CommitTracker; Hard AutoCommit: if uncommited for 15000ms; 
INFO  - 2017-09-21 07:27:46.369; [   x:solr] org.apache.solr.update.CommitTracker; Soft AutoCommit: disabled
INFO  - 2017-09-21 07:27:46.469; [   x:db] org.apache.solr.update.CommitTracker; Hard AutoCommit: if uncommited for 15000ms; 
INFO  - 2017-09-21 07:27:46.469; [   x:db] org.apache.solr.update.CommitTracker; Soft AutoCommit: disabled
INFO  - 2017-09-21 07:27:46.807; [   x:solr] org.apache.solr.search.SolrIndexSearcher; Opening [Searcher@64268957[solr] main]
INFO  - 2017-09-21 07:27:46.810; [   x:mail] org.apache.solr.search.SolrIndexSearcher; Opening [Searcher@300edf0b[mail] main]
INFO  - 2017-09-21 07:27:46.924; [   x:mail] org.apache.solr.rest.ManagedResourceStorage$FileStorageIO; File-based storage initialized to use dir: /opt/lampp/htdocs/playground/ojs-lucene/plugins/generic/lucene/lib/solr-6.6.0/example/example-DIH/solr/mail/conf
INFO  - 2017-09-21 07:27:46.925; [   x:solr] org.apache.solr.rest.ManagedResourceStorage$FileStorageIO; File-based storage initialized to use dir: /opt/lampp/htdocs/playground/ojs-lucene/plugins/generic/lucene/lib/solr-6.6.0/example/example-DIH/solr/solr/conf
INFO  - 2017-09-21 07:27:47.398; [   x:mail] org.apache.solr.handler.component.SpellCheckComponent; Initializing spell checkers
INFO  - 2017-09-21 07:27:47.401; [   x:solr] org.apache.solr.handler.component.SpellCheckComponent; Initializing spell checkers
INFO  - 2017-09-21 07:27:47.441; [   x:mail] org.apache.solr.spelling.DirectSolrSpellChecker; init: {name=default,field=text,classname=solr.DirectSolrSpellChecker,distanceMeasure=internal,accuracy=0.5,maxEdits=2,minPrefix=1,maxInspections=5,minQueryLength=4,maxQueryFrequency=0.01}
INFO  - 2017-09-21 07:27:47.441; [   x:solr] org.apache.solr.spelling.DirectSolrSpellChecker; init: {name=default,field=text,classname=solr.DirectSolrSpellChecker,distanceMeasure=internal,accuracy=0.5,maxEdits=2,minPrefix=1,maxInspections=5,minQueryLength=4,maxQueryFrequency=0.01}
INFO  - 2017-09-21 07:27:47.447; [   x:mail] org.apache.solr.handler.component.SuggestComponent; Initializing SuggestComponent
INFO  - 2017-09-21 07:27:47.448; [   x:solr] org.apache.solr.handler.component.SuggestComponent; Initializing SuggestComponent
INFO  - 2017-09-21 07:27:47.494; [   x:solr] org.apache.solr.spelling.suggest.SolrSuggester; init: {name=mySuggester,lookupImpl=FuzzyLookupFactory,dictionaryImpl=DocumentDictionaryFactory,field=cat,weightField=price,suggestAnalyzerFieldType=string}
INFO  - 2017-09-21 07:27:47.494; [   x:db] org.apache.solr.search.SolrIndexSearcher; Opening [Searcher@548ba871[db] main]
INFO  - 2017-09-21 07:27:47.495; [   x:db] org.apache.solr.rest.ManagedResourceStorage$FileStorageIO; File-based storage initialized to use dir: /opt/lampp/htdocs/playground/ojs-lucene/plugins/generic/lucene/lib/solr-6.6.0/example/example-DIH/solr/db/conf
INFO  - 2017-09-21 07:27:47.495; [   x:db] org.apache.solr.handler.component.SpellCheckComponent; Initializing spell checkers
INFO  - 2017-09-21 07:27:47.496; [   x:db] org.apache.solr.spelling.DirectSolrSpellChecker; init: {name=default,field=text,classname=solr.DirectSolrSpellChecker,distanceMeasure=internal,accuracy=0.5,maxEdits=2,minPrefix=1,maxInspections=5,minQueryLength=4,maxQueryFrequency=0.01}
INFO  - 2017-09-21 07:27:47.496; [   x:db] org.apache.solr.handler.component.SuggestComponent; Initializing SuggestComponent
INFO  - 2017-09-21 07:27:47.496; [   x:db] org.apache.solr.spelling.suggest.SolrSuggester; init: {name=mySuggester,lookupImpl=FuzzyLookupFactory,dictionaryImpl=DocumentDictionaryFactory,field=cat,weightField=price,suggestAnalyzerFieldType=string}
INFO  - 2017-09-21 07:27:47.497; [   x:mail] org.apache.solr.spelling.suggest.SolrSuggester; init: {name=mySuggester,lookupImpl=FuzzyLookupFactory,dictionaryImpl=DocumentDictionaryFactory,field=cat,weightField=price,suggestAnalyzerFieldType=string}
INFO  - 2017-09-21 07:27:47.518; [   x:solr] org.apache.solr.spelling.suggest.SolrSuggester; Dictionary loaded with params: {name=mySuggester,lookupImpl=FuzzyLookupFactory,dictionaryImpl=DocumentDictionaryFactory,field=cat,weightField=price,suggestAnalyzerFieldType=string}
INFO  - 2017-09-21 07:27:47.519; [   x:solr] org.apache.solr.handler.component.SuggestComponent; Registering searcher listener for suggester: mySuggester - SuggesterListener [core=org.apache.solr.core.SolrCore@12bc6f80, suggester=SolrSuggester [ name=mySuggester, sourceLocation=null, storeDir=, lookupImpl=FuzzyLookupFactory, dictionaryImpl=DocumentDictionaryFactory, sizeInBytes=0 ], buildOnCommit=false, buildOnOptimize=false, buildOnStartup=true, isCoreReload=false]
INFO  - 2017-09-21 07:27:47.522; [   x:mail] org.apache.solr.spelling.suggest.SolrSuggester; Dictionary loaded with params: {name=mySuggester,lookupImpl=FuzzyLookupFactory,dictionaryImpl=DocumentDictionaryFactory,field=cat,weightField=price,suggestAnalyzerFieldType=string}
INFO  - 2017-09-21 07:27:47.522; [   x:db] org.apache.solr.spelling.suggest.SolrSuggester; Dictionary loaded with params: {name=mySuggester,lookupImpl=FuzzyLookupFactory,dictionaryImpl=DocumentDictionaryFactory,field=cat,weightField=price,suggestAnalyzerFieldType=string}
INFO  - 2017-09-21 07:27:47.523; [   x:db] org.apache.solr.handler.component.SuggestComponent; Registering searcher listener for suggester: mySuggester - SuggesterListener [core=org.apache.solr.core.SolrCore@1dda7225, suggester=SolrSuggester [ name=mySuggester, sourceLocation=null, storeDir=, lookupImpl=FuzzyLookupFactory, dictionaryImpl=DocumentDictionaryFactory, sizeInBytes=0 ], buildOnCommit=false, buildOnOptimize=false, buildOnStartup=true, isCoreReload=false]
INFO  - 2017-09-21 07:27:47.522; [   x:mail] org.apache.solr.handler.component.SuggestComponent; Registering searcher listener for suggester: mySuggester - SuggesterListener [core=org.apache.solr.core.SolrCore@3532dd3a, suggester=SolrSuggester [ name=mySuggester, sourceLocation=null, storeDir=, lookupImpl=FuzzyLookupFactory, dictionaryImpl=DocumentDictionaryFactory, sizeInBytes=0 ], buildOnCommit=false, buildOnOptimize=false, buildOnStartup=true, isCoreReload=false]
INFO  - 2017-09-21 07:27:47.523; [   x:mail] org.apache.solr.handler.component.QueryElevationComponent; Loading QueryElevation from: /opt/lampp/htdocs/playground/ojs-lucene/plugins/generic/lucene/lib/solr-6.6.0/example/example-DIH/solr/mail/conf/elevate.xml
INFO  - 2017-09-21 07:27:47.525; [   x:solr] org.apache.solr.handler.component.QueryElevationComponent; Loading QueryElevation from: /opt/lampp/htdocs/playground/ojs-lucene/plugins/generic/lucene/lib/solr-6.6.0/example/example-DIH/solr/solr/conf/elevate.xml
INFO  - 2017-09-21 07:27:47.523; [   x:db] org.apache.solr.handler.component.QueryElevationComponent; Loading QueryElevation from: /opt/lampp/htdocs/playground/ojs-lucene/plugins/generic/lucene/lib/solr-6.6.0/example/example-DIH/solr/db/conf/elevate.xml
INFO  - 2017-09-21 07:27:47.553; [   x:mail] org.apache.solr.handler.ReplicationHandler; Commits will be reserved for  10000
INFO  - 2017-09-21 07:27:47.578; [   x:solr] org.apache.solr.handler.ReplicationHandler; Commits will be reserved for  10000
INFO  - 2017-09-21 07:27:47.584; [   x:db] org.apache.solr.handler.ReplicationHandler; Commits will be reserved for  10000
INFO  - 2017-09-21 07:27:47.743; [   x:db] org.apache.solr.core.QuerySenderListener; QuerySenderListener sending requests to Searcher@548ba871[db] main{ExitableDirectoryReader(UninvertingDirectoryReader(Uninverting(_1(6.6.0):C16)))}
INFO  - 2017-09-21 07:27:47.745; [   x:mail] org.apache.solr.core.QuerySenderListener; QuerySenderListener sending requests to Searcher@300edf0b[mail] main{ExitableDirectoryReader(UninvertingDirectoryReader())}
INFO  - 2017-09-21 07:27:47.747; [   x:mail] org.apache.solr.update.UpdateLog; Could not find max version in index or recent updates, using new clock 1579133297226678272
INFO  - 2017-09-21 07:27:47.748; [   x:solr] org.apache.solr.core.QuerySenderListener; QuerySenderListener sending requests to Searcher@64268957[solr] main{ExitableDirectoryReader(UninvertingDirectoryReader())}
INFO  - 2017-09-21 07:27:47.749; [   x:solr] org.apache.solr.update.UpdateLog; Could not find max version in index or recent updates, using new clock 1579133297228775424
INFO  - 2017-09-21 07:27:47.882; [   x:mail] org.apache.solr.core.SolrCore; [mail]  webapp=null path=null params={q=static+firstSearcher+warming+in+solrconfig.xml&distrib=false&event=firstSearcher} hits=0 status=0 QTime=98
INFO  - 2017-09-21 07:27:47.883; [   x:mail] org.apache.solr.core.QuerySenderListener; QuerySenderListener done.
INFO  - 2017-09-21 07:27:47.883; [   x:mail] org.apache.solr.handler.component.SpellCheckComponent$SpellCheckerListener; Loading spell index for spellchecker: default
INFO  - 2017-09-21 07:27:47.883; [   x:mail] org.apache.solr.handler.component.SpellCheckComponent$SpellCheckerListener; Loading spell index for spellchecker: wordbreak
INFO  - 2017-09-21 07:27:47.883; [   x:mail] org.apache.solr.handler.component.SuggestComponent$SuggesterListener; buildOnStartup: mySuggester
INFO  - 2017-09-21 07:27:47.883; [   x:mail] org.apache.solr.spelling.suggest.SolrSuggester; SolrSuggester.build(mySuggester)
INFO  - 2017-09-21 07:27:47.882; [   x:solr] org.apache.solr.core.SolrCore; [solr]  webapp=null path=null params={q=static+firstSearcher+warming+in+solrconfig.xml&distrib=false&event=firstSearcher} hits=0 status=0 QTime=98
INFO  - 2017-09-21 07:27:47.886; [   x:solr] org.apache.solr.core.QuerySenderListener; QuerySenderListener done.
INFO  - 2017-09-21 07:27:47.886; [   x:solr] org.apache.solr.handler.component.SpellCheckComponent$SpellCheckerListener; Loading spell index for spellchecker: default
INFO  - 2017-09-21 07:27:47.886; [   x:solr] org.apache.solr.handler.component.SpellCheckComponent$SpellCheckerListener; Loading spell index for spellchecker: wordbreak
INFO  - 2017-09-21 07:27:47.886; [   x:solr] org.apache.solr.handler.component.SuggestComponent$SuggesterListener; buildOnStartup: mySuggester
INFO  - 2017-09-21 07:27:47.886; [   x:solr] org.apache.solr.spelling.suggest.SolrSuggester; SolrSuggester.build(mySuggester)
INFO  - 2017-09-21 07:27:47.895; [   ] org.apache.solr.core.SolrResourceLoader; [atom] Added 2 libs to classloader, from paths: [/opt/lampp/htdocs/playground/ojs-lucene/plugins/generic/lucene/lib/solr-6.6.0/dist]
INFO  - 2017-09-21 07:27:47.901; [   ] org.apache.solr.core.SolrResourceLoader; [tika] Added 37 libs to classloader, from paths: [/opt/lampp/htdocs/playground/ojs-lucene/plugins/generic/lucene/lib/solr-6.6.0/contrib/extraction/lib, /opt/lampp/htdocs/playground/ojs-lucene/plugins/generic/lucene/lib/solr-6.6.0/dist]
INFO  - 2017-09-21 07:27:47.945; [   ] org.apache.solr.core.SolrConfig; Using Lucene MatchVersion: 6.6.0
INFO  - 2017-09-21 07:27:47.949; [   x:db] org.apache.solr.core.SolrCore; [db]  webapp=null path=null params={q=static+firstSearcher+warming+in+solrconfig.xml&distrib=false&event=firstSearcher} hits=3 status=0 QTime=169
INFO  - 2017-09-21 07:27:47.952; [   x:solr] org.apache.solr.core.SolrCore; [solr] Registered new searcher Searcher@64268957[solr] main{ExitableDirectoryReader(UninvertingDirectoryReader())}
INFO  - 2017-09-21 07:27:47.956; [   x:mail] org.apache.solr.core.SolrCore; [mail] Registered new searcher Searcher@300edf0b[mail] main{ExitableDirectoryReader(UninvertingDirectoryReader())}
INFO  - 2017-09-21 07:27:47.969; [   x:db] org.apache.solr.core.QuerySenderListener; QuerySenderListener done.
INFO  - 2017-09-21 07:27:47.969; [   x:db] org.apache.solr.handler.component.SpellCheckComponent$SpellCheckerListener; Loading spell index for spellchecker: default
INFO  - 2017-09-21 07:27:47.969; [   x:db] org.apache.solr.handler.component.SpellCheckComponent$SpellCheckerListener; Loading spell index for spellchecker: wordbreak
INFO  - 2017-09-21 07:27:47.969; [   x:db] org.apache.solr.handler.component.SuggestComponent$SuggesterListener; buildOnStartup: mySuggester
INFO  - 2017-09-21 07:27:47.969; [   x:db] org.apache.solr.spelling.suggest.SolrSuggester; SolrSuggester.build(mySuggester)
INFO  - 2017-09-21 07:27:47.976; [   ] org.apache.solr.core.SolrConfig; Using Lucene MatchVersion: 6.6.0
INFO  - 2017-09-21 07:27:47.992; [   ] org.apache.solr.schema.IndexSchema; [atom] Schema name=example-DIH-atom
INFO  - 2017-09-21 07:27:48.003; [   ] org.apache.solr.schema.IndexSchema; [tika] Schema name=example-DIH-tika
INFO  - 2017-09-21 07:27:48.014; [   ] org.apache.solr.schema.IndexSchema; Loaded schema example-DIH-tika/1.6 with uniqueid field id
INFO  - 2017-09-21 07:27:48.014; [   ] org.apache.solr.core.CoreContainer; Creating SolrCore 'tika' using configuration from instancedir /opt/lampp/htdocs/playground/ojs-lucene/plugins/generic/lucene/lib/solr-6.6.0/example/example-DIH/solr/tika, trusted=true
INFO  - 2017-09-21 07:27:48.015; [   ] org.apache.solr.core.SolrCore; solr.RecoveryStrategy.Builder
INFO  - 2017-09-21 07:27:48.015; [   ] org.apache.solr.core.SolrCore; [[tika] ] Opening new SolrCore at [/opt/lampp/htdocs/playground/ojs-lucene/plugins/generic/lucene/lib/solr-6.6.0/example/example-DIH/solr/tika], dataDir=[/opt/lampp/htdocs/playground/ojs-lucene/plugins/generic/lucene/lib/solr-6.6.0/example/example-DIH/solr/tika/data/]
INFO  - 2017-09-21 07:27:48.057; [   x:db] org.apache.solr.core.SolrCore; [db] Registered new searcher Searcher@548ba871[db] main{ExitableDirectoryReader(UninvertingDirectoryReader(Uninverting(_1(6.6.0):C16)))}
INFO  - 2017-09-21 07:27:48.061; [   ] org.apache.solr.schema.IndexSchema; Loaded schema example-DIH-atom/1.6 with uniqueid field id
INFO  - 2017-09-21 07:27:48.063; [   ] org.apache.solr.core.CoreContainer; Creating SolrCore 'atom' using configuration from instancedir /opt/lampp/htdocs/playground/ojs-lucene/plugins/generic/lucene/lib/solr-6.6.0/example/example-DIH/solr/atom, trusted=true
INFO  - 2017-09-21 07:27:48.063; [   ] org.apache.solr.core.SolrCore; solr.RecoveryStrategy.Builder
INFO  - 2017-09-21 07:27:48.064; [   ] org.apache.solr.core.SolrCore; [[atom] ] Opening new SolrCore at [/opt/lampp/htdocs/playground/ojs-lucene/plugins/generic/lucene/lib/solr-6.6.0/example/example-DIH/solr/atom], dataDir=[/opt/lampp/htdocs/playground/ojs-lucene/plugins/generic/lucene/lib/solr-6.6.0/example/example-DIH/solr/atom/data/]
INFO  - 2017-09-21 07:27:48.152; [   ] org.apache.solr.update.CommitTracker; Hard AutoCommit: disabled
INFO  - 2017-09-21 07:27:48.152; [   ] org.apache.solr.update.CommitTracker; Soft AutoCommit: disabled
INFO  - 2017-09-21 07:27:48.207; [   ] org.apache.solr.update.CommitTracker; Hard AutoCommit: disabled
INFO  - 2017-09-21 07:27:48.211; [   ] org.apache.solr.update.CommitTracker; Soft AutoCommit: disabled
INFO  - 2017-09-21 07:27:48.282; [   ] org.apache.solr.search.SolrIndexSearcher; Opening [Searcher@d4a78c1[tika] main]
INFO  - 2017-09-21 07:27:48.282; [   ] org.apache.solr.rest.ManagedResourceStorage$FileStorageIO; File-based storage initialized to use dir: /opt/lampp/htdocs/playground/ojs-lucene/plugins/generic/lucene/lib/solr-6.6.0/example/example-DIH/solr/tika/conf
INFO  - 2017-09-21 07:27:48.282; [   ] org.apache.solr.handler.ReplicationHandler; Commits will be reserved for  10000
INFO  - 2017-09-21 07:27:48.294; [   ] org.apache.solr.core.SolrCore; [tika] Registered new searcher Searcher@d4a78c1[tika] main{ExitableDirectoryReader(UninvertingDirectoryReader(Uninverting(_1(6.6.0):C2)))}
INFO  - 2017-09-21 07:27:48.312; [   ] org.apache.solr.search.SolrIndexSearcher; Opening [Searcher@42c7e688[atom] main]
INFO  - 2017-09-21 07:27:48.313; [   ] org.apache.solr.rest.ManagedResourceStorage$FileStorageIO; File-based storage initialized to use dir: /opt/lampp/htdocs/playground/ojs-lucene/plugins/generic/lucene/lib/solr-6.6.0/example/example-DIH/solr/atom/conf
INFO  - 2017-09-21 07:27:48.344; [   ] org.apache.solr.handler.ReplicationHandler; Commits will be reserved for  10000
INFO  - 2017-09-21 07:27:48.349; [   ] org.apache.solr.core.SolrCore; [atom] Registered new searcher Searcher@42c7e688[atom] main{ExitableDirectoryReader(UninvertingDirectoryReader(Uninverting(_6(6.6.0):C30)))}
INFO  - 2017-09-21 08:09:59.952; [   ] org.eclipse.jetty.server.AbstractConnector; Stopped ServerConnector@18271936{HTTP/1.1,[http/1.1]}{0.0.0.0:8983}
INFO  - 2017-09-21 08:09:59.953; [   ] org.apache.solr.core.CoreContainer; Shutting down CoreContainer instance=581318631
INFO  - 2017-09-21 08:09:59.953; [   ] org.apache.solr.metrics.SolrMetricManager; Closing metric reporters for: solr.node
INFO  - 2017-09-21 08:09:59.954; [   ] org.apache.solr.metrics.SolrMetricManager; Closing metric reporters for: solr.jvm
INFO  - 2017-09-21 08:09:59.955; [   ] org.apache.solr.metrics.SolrMetricManager; Closing metric reporters for: solr.jetty
INFO  - 2017-09-21 08:09:59.955; [   ] org.apache.solr.core.TransientSolrCoreCacheDefault; Allocating transient cache for 2147483647 transient cores
INFO  - 2017-09-21 08:09:59.957; [   x:solr] org.apache.solr.core.SolrCore; [solr]  CLOSING SolrCore org.apache.solr.core.SolrCore@12bc6f80
INFO  - 2017-09-21 08:09:59.964; [   x:db] org.apache.solr.core.SolrCore; [db]  CLOSING SolrCore org.apache.solr.core.SolrCore@1dda7225
INFO  - 2017-09-21 08:09:59.964; [   x:mail] org.apache.solr.core.SolrCore; [mail]  CLOSING SolrCore org.apache.solr.core.SolrCore@3532dd3a
INFO  - 2017-09-21 08:09:59.964; [   x:tika] org.apache.solr.core.SolrCore; [tika]  CLOSING SolrCore org.apache.solr.core.SolrCore@3290e1c8
INFO  - 2017-09-21 08:09:59.965; [   x:atom] org.apache.solr.core.SolrCore; [atom]  CLOSING SolrCore org.apache.solr.core.SolrCore@7cfff824
INFO  - 2017-09-21 08:10:00.030; [   x:mail] org.apache.solr.metrics.SolrMetricManager; Closing metric reporters for: solr.core.mail
INFO  - 2017-09-21 08:10:00.046; [   x:solr] org.apache.solr.metrics.SolrMetricManager; Closing metric reporters for: solr.core.solr
INFO  - 2017-09-21 08:10:00.052; [   x:db] org.apache.solr.metrics.SolrMetricManager; Closing metric reporters for: solr.core.db
INFO  - 2017-09-21 08:10:00.054; [   x:tika] org.apache.solr.metrics.SolrMetricManager; Closing metric reporters for: solr.core.tika
INFO  - 2017-09-21 08:10:00.055; [   x:atom] org.apache.solr.metrics.SolrMetricManager; Closing metric reporters for: solr.core.atom
INFO  - 2017-09-21 08:10:00.065; [   ] org.eclipse.jetty.server.handler.ContextHandler; Stopped o.e.j.w.WebAppContext@7a1ebcd8{/solr,null,UNAVAILABLE}{/opt/lampp/htdocs/playground/ojs-lucene/plugins/generic/lucene/lib/solr-6.6.0/server/solr-webapp/webapp}
