2017-10-30 17:20:37.572 INFO  (main) [   ] o.e.j.s.Server jetty-9.3.14.v20161028
2017-10-30 17:20:38.123 INFO  (main) [   ] o.a.s.s.SolrDispatchFilter  ___      _       Welcome to Apache Solr™ version 6.6.0
2017-10-30 17:20:38.124 INFO  (main) [   ] o.a.s.s.SolrDispatchFilter / __| ___| |_ _   Starting in standalone mode on port 8983
2017-10-30 17:20:38.124 INFO  (main) [   ] o.a.s.s.SolrDispatchFilter \__ \/ _ \ | '_|  Install dir: /opt/lampp/htdocs/playground/ojs-lucene/plugins/generic/lucene/lib/solr-6.6.0
2017-10-30 17:20:38.149 INFO  (main) [   ] o.a.s.s.SolrDispatchFilter |___/\___/_|_|    Start time: 2017-10-30T17:20:38.125Z
2017-10-30 17:20:38.150 INFO  (main) [   ] o.a.s.s.StartupLoggingUtils Property solr.log.muteconsole given. Muting ConsoleAppender named CONSOLE
2017-10-30 17:20:38.188 INFO  (main) [   ] o.a.s.c.SolrResourceLoader Using system property solr.solr.home: /opt/lampp/htdocs/playground/ojs-lucene/plugins/generic/lucene/lib/solr-6.6.0/server/solr
2017-10-30 17:20:38.198 INFO  (main) [   ] o.a.s.c.SolrXmlConfig Loading container configuration from /opt/lampp/htdocs/playground/ojs-lucene/plugins/generic/lucene/lib/solr-6.6.0/server/solr/solr.xml
2017-10-30 17:20:39.438 INFO  (main) [   ] o.a.s.u.UpdateShardHandler Creating UpdateShardHandler HTTP client with params: socketTimeout=600000&connTimeout=60000&retry=true
2017-10-30 17:20:39.732 INFO  (main) [   ] o.a.s.c.CorePropertiesLocator Found 4 core definitions underneath /opt/lampp/htdocs/playground/ojs-lucene/plugins/generic/lucene/lib/solr-6.6.0/server/solr
2017-10-30 17:20:39.740 INFO  (main) [   ] o.a.s.c.CorePropertiesLocator Cores are: [ojs, testing, tika, atom]
2017-10-30 17:20:39.833 INFO  (coreLoadExecutor-6-thread-1) [   x:ojs] o.a.s.c.SolrResourceLoader [ojs] Added 2 libs to classloader, from paths: [/opt/lampp/htdocs/playground/ojs-lucene/plugins/generic/lucene/lib/solr-6.6.0/dist]
2017-10-30 17:20:39.833 INFO  (coreLoadExecutor-6-thread-3) [   x:tika] o.a.s.c.SolrResourceLoader [tika] Added 37 libs to classloader, from paths: [/opt/lampp/htdocs/playground/ojs-lucene/plugins/generic/lucene/lib/solr-6.6.0/contrib/extraction/lib, /opt/lampp/htdocs/playground/ojs-lucene/plugins/generic/lucene/lib/solr-6.6.0/dist]
2017-10-30 17:20:39.873 INFO  (coreLoadExecutor-6-thread-2) [   x:testing] o.a.s.c.SolrResourceLoader [testing] Added 53 libs to classloader, from paths: [/opt/lampp/htdocs/playground/ojs-lucene/plugins/generic/lucene/lib/solr-6.6.0/contrib/clustering/lib, /opt/lampp/htdocs/playground/ojs-lucene/plugins/generic/lucene/lib/solr-6.6.0/contrib/extraction/lib, /opt/lampp/htdocs/playground/ojs-lucene/plugins/generic/lucene/lib/solr-6.6.0/contrib/langid/lib, /opt/lampp/htdocs/playground/ojs-lucene/plugins/generic/lucene/lib/solr-6.6.0/contrib/velocity/lib, /opt/lampp/htdocs/playground/ojs-lucene/plugins/generic/lucene/lib/solr-6.6.0/dist]
2017-10-30 17:20:39.939 INFO  (main) [   ] o.e.j.s.Server Started @3748ms
2017-10-30 17:20:39.994 INFO  (coreLoadExecutor-6-thread-1) [   x:ojs] o.a.s.c.SolrConfig Using Lucene MatchVersion: 6.6.0
2017-10-30 17:20:40.002 INFO  (coreLoadExecutor-6-thread-3) [   x:tika] o.a.s.c.SolrConfig Using Lucene MatchVersion: 6.6.0
2017-10-30 17:20:40.041 INFO  (coreLoadExecutor-6-thread-2) [   x:testing] o.a.s.c.SolrConfig Using Lucene MatchVersion: 6.6.0
2017-10-30 17:20:40.122 INFO  (coreLoadExecutor-6-thread-3) [   x:tika] o.a.s.s.IndexSchema [tika] Schema name=example-DIH-tika
2017-10-30 17:20:40.137 INFO  (coreLoadExecutor-6-thread-1) [   x:ojs] o.a.s.s.IndexSchema [ojs] Schema name=example-DIH-atom
2017-10-30 17:20:40.220 INFO  (coreLoadExecutor-6-thread-3) [   x:tika] o.a.s.s.IndexSchema Loaded schema example-DIH-tika/1.6 with uniqueid field id
2017-10-30 17:20:40.220 INFO  (coreLoadExecutor-6-thread-3) [   x:tika] o.a.s.c.CoreContainer Creating SolrCore 'tika' using configuration from instancedir /opt/lampp/htdocs/playground/ojs-lucene/plugins/generic/lucene/lib/solr-6.6.0/server/solr/tika, trusted=true
2017-10-30 17:20:40.427 INFO  (coreLoadExecutor-6-thread-3) [   x:tika] o.a.s.c.SolrCore solr.RecoveryStrategy.Builder
2017-10-30 17:20:40.453 INFO  (coreLoadExecutor-6-thread-3) [   x:tika] o.a.s.c.SolrCore [[tika] ] Opening new SolrCore at [/opt/lampp/htdocs/playground/ojs-lucene/plugins/generic/lucene/lib/solr-6.6.0/server/solr/tika], dataDir=[/opt/lampp/htdocs/playground/ojs-lucene/plugins/generic/lucene/lib/solr-6.6.0/server/solr/tika/data/]
2017-10-30 17:20:40.534 INFO  (coreLoadExecutor-6-thread-2) [   x:testing] o.a.s.s.IndexSchema [testing] Schema name=example-data-driven-schema
2017-10-30 17:20:40.717 INFO  (coreLoadExecutor-6-thread-1) [   x:ojs] o.a.s.s.IndexSchema Loaded schema example-DIH-atom/1.6 with uniqueid field submission_id
2017-10-30 17:20:40.727 INFO  (coreLoadExecutor-6-thread-1) [   x:ojs] o.a.s.c.CoreContainer Creating SolrCore 'ojs' using configuration from instancedir /opt/lampp/htdocs/playground/ojs-lucene/plugins/generic/lucene/lib/solr-6.6.0/server/solr/ojs, trusted=true
2017-10-30 17:20:40.727 INFO  (coreLoadExecutor-6-thread-1) [   x:ojs] o.a.s.c.SolrCore solr.RecoveryStrategy.Builder
2017-10-30 17:20:40.727 INFO  (coreLoadExecutor-6-thread-1) [   x:ojs] o.a.s.c.SolrCore [[ojs] ] Opening new SolrCore at [/opt/lampp/htdocs/playground/ojs-lucene/plugins/generic/lucene/lib/solr-6.6.0/server/solr/ojs], dataDir=[/opt/lampp/htdocs/playground/ojs-lucene/plugins/generic/lucene/lib/solr-6.6.0/server/solr/ojs/data/]
2017-10-30 17:20:41.328 INFO  (coreLoadExecutor-6-thread-1) [   x:ojs] o.a.s.u.CommitTracker Hard AutoCommit: disabled
2017-10-30 17:20:41.328 INFO  (coreLoadExecutor-6-thread-1) [   x:ojs] o.a.s.u.CommitTracker Soft AutoCommit: disabled
2017-10-30 17:20:41.345 INFO  (coreLoadExecutor-6-thread-3) [   x:tika] o.a.s.u.CommitTracker Hard AutoCommit: disabled
2017-10-30 17:20:41.351 INFO  (coreLoadExecutor-6-thread-3) [   x:tika] o.a.s.u.CommitTracker Soft AutoCommit: disabled
2017-10-30 17:20:41.490 INFO  (coreLoadExecutor-6-thread-3) [   x:tika] o.a.s.s.SolrIndexSearcher Opening [Searcher@47c8f995[tika] main]
2017-10-30 17:20:41.493 INFO  (coreLoadExecutor-6-thread-1) [   x:ojs] o.a.s.s.SolrIndexSearcher Opening [Searcher@165c78c7[ojs] main]
2017-10-30 17:20:41.504 INFO  (coreLoadExecutor-6-thread-3) [   x:tika] o.a.s.r.ManagedResourceStorage File-based storage initialized to use dir: /opt/lampp/htdocs/playground/ojs-lucene/plugins/generic/lucene/lib/solr-6.6.0/server/solr/tika/conf
2017-10-30 17:20:41.507 INFO  (coreLoadExecutor-6-thread-1) [   x:ojs] o.a.s.r.ManagedResourceStorage File-based storage initialized to use dir: /opt/lampp/htdocs/playground/ojs-lucene/plugins/generic/lucene/lib/solr-6.6.0/server/solr/ojs/conf
2017-10-30 17:20:41.536 INFO  (coreLoadExecutor-6-thread-3) [   x:tika] o.a.s.h.ReplicationHandler Commits will be reserved for  10000
2017-10-30 17:20:41.547 INFO  (coreLoadExecutor-6-thread-1) [   x:ojs] o.a.s.h.ReplicationHandler Commits will be reserved for  10000
2017-10-30 17:20:41.663 INFO  (searcherExecutor-7-thread-1-processing-x:tika) [   x:tika] o.a.s.c.SolrCore [tika] Registered new searcher Searcher@47c8f995[tika] main{ExitableDirectoryReader(UninvertingDirectoryReader(Uninverting(_5(6.6.0):C1)))}
2017-10-30 17:20:41.663 INFO  (searcherExecutor-8-thread-1-processing-x:ojs) [   x:ojs] o.a.s.c.SolrCore [ojs] Registered new searcher Searcher@165c78c7[ojs] main{ExitableDirectoryReader(UninvertingDirectoryReader(Uninverting(_15(6.6.0):C1)))}
2017-10-30 17:20:41.678 INFO  (coreLoadExecutor-6-thread-1) [   ] o.a.s.c.SolrResourceLoader [atom] Added 2 libs to classloader, from paths: [/opt/lampp/htdocs/playground/ojs-lucene/plugins/generic/lucene/lib/solr-6.6.0/dist]
2017-10-30 17:20:41.692 INFO  (coreLoadExecutor-6-thread-2) [   x:testing] o.a.s.s.IndexSchema Loaded schema example-data-driven-schema/1.6 with uniqueid field id
2017-10-30 17:20:41.753 INFO  (coreLoadExecutor-6-thread-1) [   ] o.a.s.c.SolrConfig Using Lucene MatchVersion: 6.6.0
2017-10-30 17:20:41.777 INFO  (coreLoadExecutor-6-thread-1) [   ] o.a.s.s.IndexSchema [atom] Schema name=example-DIH-atom
2017-10-30 17:20:41.808 INFO  (coreLoadExecutor-6-thread-1) [   ] o.a.s.s.IndexSchema Loaded schema example-DIH-atom/1.6 with uniqueid field id
2017-10-30 17:20:41.811 INFO  (coreLoadExecutor-6-thread-1) [   ] o.a.s.c.CoreContainer Creating SolrCore 'atom' using configuration from instancedir /opt/lampp/htdocs/playground/ojs-lucene/plugins/generic/lucene/lib/solr-6.6.0/server/solr/atom, trusted=true
2017-10-30 17:20:41.811 INFO  (coreLoadExecutor-6-thread-1) [   ] o.a.s.c.SolrCore solr.RecoveryStrategy.Builder
2017-10-30 17:20:41.811 INFO  (coreLoadExecutor-6-thread-1) [   ] o.a.s.c.SolrCore [[atom] ] Opening new SolrCore at [/opt/lampp/htdocs/playground/ojs-lucene/plugins/generic/lucene/lib/solr-6.6.0/server/solr/atom], dataDir=[/opt/lampp/htdocs/playground/ojs-lucene/plugins/generic/lucene/lib/solr-6.6.0/server/solr/atom/data/]
2017-10-30 17:20:41.815 INFO  (coreLoadExecutor-6-thread-2) [   x:testing] o.a.s.c.CoreContainer Creating SolrCore 'testing' using configuration from instancedir /opt/lampp/htdocs/playground/ojs-lucene/plugins/generic/lucene/lib/solr-6.6.0/server/solr/testing, trusted=true
2017-10-30 17:20:41.817 INFO  (coreLoadExecutor-6-thread-2) [   x:testing] o.a.s.c.SolrCore solr.RecoveryStrategy.Builder
2017-10-30 17:20:41.817 INFO  (coreLoadExecutor-6-thread-2) [   x:testing] o.a.s.c.SolrCore [[testing] ] Opening new SolrCore at [/opt/lampp/htdocs/playground/ojs-lucene/plugins/generic/lucene/lib/solr-6.6.0/server/solr/testing], dataDir=[/opt/lampp/htdocs/playground/ojs-lucene/plugins/generic/lucene/lib/solr-6.6.0/server/solr/testing/data/]
2017-10-30 17:20:41.855 INFO  (coreLoadExecutor-6-thread-2) [   x:testing] o.a.s.r.XSLTResponseWriter xsltCacheLifetimeSeconds=5
2017-10-30 17:20:41.900 INFO  (coreLoadExecutor-6-thread-1) [   ] o.a.s.u.CommitTracker Hard AutoCommit: disabled
2017-10-30 17:20:41.900 INFO  (coreLoadExecutor-6-thread-1) [   ] o.a.s.u.CommitTracker Soft AutoCommit: disabled
2017-10-30 17:20:41.915 INFO  (coreLoadExecutor-6-thread-1) [   ] o.a.s.s.SolrIndexSearcher Opening [Searcher@70accc06[atom] main]
2017-10-30 17:20:41.915 INFO  (coreLoadExecutor-6-thread-1) [   ] o.a.s.r.ManagedResourceStorage File-based storage initialized to use dir: /opt/lampp/htdocs/playground/ojs-lucene/plugins/generic/lucene/lib/solr-6.6.0/server/solr/atom/conf
2017-10-30 17:20:41.916 INFO  (coreLoadExecutor-6-thread-1) [   ] o.a.s.h.ReplicationHandler Commits will be reserved for  10000
2017-10-30 17:20:41.924 INFO  (searcherExecutor-15-thread-1) [   ] o.a.s.c.SolrCore [atom] Registered new searcher Searcher@70accc06[atom] main{ExitableDirectoryReader(UninvertingDirectoryReader(Uninverting(_b(6.6.0):C29)))}
2017-10-30 17:20:42.008 INFO  (coreLoadExecutor-6-thread-2) [   x:testing] o.a.s.u.UpdateHandler Using UpdateLog implementation: org.apache.solr.update.UpdateLog
2017-10-30 17:20:42.008 INFO  (coreLoadExecutor-6-thread-2) [   x:testing] o.a.s.u.UpdateLog Initializing UpdateLog: dataDir= defaultSyncLevel=FLUSH numRecordsToKeep=100 maxNumLogsToKeep=10 numVersionBuckets=65536
2017-10-30 17:20:42.025 INFO  (coreLoadExecutor-6-thread-2) [   x:testing] o.a.s.u.CommitTracker Hard AutoCommit: if uncommited for 15000ms; 
2017-10-30 17:20:42.025 INFO  (coreLoadExecutor-6-thread-2) [   x:testing] o.a.s.u.CommitTracker Soft AutoCommit: disabled
2017-10-30 17:20:42.028 INFO  (coreLoadExecutor-6-thread-2) [   x:testing] o.a.s.s.SolrIndexSearcher Opening [Searcher@3abfc99d[testing] main]
2017-10-30 17:20:42.029 INFO  (coreLoadExecutor-6-thread-2) [   x:testing] o.a.s.r.ManagedResourceStorage File-based storage initialized to use dir: /opt/lampp/htdocs/playground/ojs-lucene/plugins/generic/lucene/lib/solr-6.6.0/server/solr/testing/conf
2017-10-30 17:20:42.029 INFO  (coreLoadExecutor-6-thread-2) [   x:testing] o.a.s.h.c.SpellCheckComponent Initializing spell checkers
2017-10-30 17:20:42.034 INFO  (coreLoadExecutor-6-thread-2) [   x:testing] o.a.s.s.DirectSolrSpellChecker init: {name=default,field=_text_,classname=solr.DirectSolrSpellChecker,distanceMeasure=internal,accuracy=0.5,maxEdits=2,minPrefix=1,maxInspections=5,minQueryLength=4,maxQueryFrequency=0.01}
2017-10-30 17:20:42.036 INFO  (coreLoadExecutor-6-thread-2) [   x:testing] o.a.s.h.c.QueryElevationComponent Loading QueryElevation from: /opt/lampp/htdocs/playground/ojs-lucene/plugins/generic/lucene/lib/solr-6.6.0/server/solr/testing/conf/elevate.xml
2017-10-30 17:20:42.047 INFO  (coreLoadExecutor-6-thread-2) [   x:testing] o.a.s.h.ReplicationHandler Commits will be reserved for  10000
2017-10-30 17:20:42.051 INFO  (searcherExecutor-16-thread-1-processing-x:testing) [   x:testing] o.a.s.c.QuerySenderListener QuerySenderListener sending requests to Searcher@3abfc99d[testing] main{ExitableDirectoryReader(UninvertingDirectoryReader())}
2017-10-30 17:20:42.051 INFO  (searcherExecutor-16-thread-1-processing-x:testing) [   x:testing] o.a.s.c.QuerySenderListener QuerySenderListener done.
2017-10-30 17:20:42.051 INFO  (searcherExecutor-16-thread-1-processing-x:testing) [   x:testing] o.a.s.h.c.SpellCheckComponent Loading spell index for spellchecker: default
2017-10-30 17:20:42.056 INFO  (searcherExecutor-16-thread-1-processing-x:testing) [   x:testing] o.a.s.c.SolrCore [testing] Registered new searcher Searcher@3abfc99d[testing] main{ExitableDirectoryReader(UninvertingDirectoryReader())}
2017-10-30 17:20:50.797 INFO  (qtp205125520-16) [   ] o.a.s.c.TransientSolrCoreCacheDefault Allocating transient cache for 2147483647 transient cores
2017-10-30 17:20:53.767 INFO  (qtp205125520-14) [   ] o.a.s.s.HttpSolrCall [admin] webapp=null path=/admin/cores params={indexInfo=false&wt=json&_=1509384053298} status=0 QTime=15
2017-10-30 17:20:53.869 INFO  (qtp205125520-17) [   ] o.a.s.s.HttpSolrCall [admin] webapp=null path=/admin/info/system params={wt=json&_=1509384053299} status=0 QTime=111
2017-10-30 17:20:53.869 INFO  (qtp205125520-19) [   ] o.a.s.s.HttpSolrCall [admin] webapp=null path=/admin/info/system params={wt=json&_=1509384053299} status=0 QTime=112
2017-10-30 17:20:56.684 INFO  (qtp205125520-12) [   ] o.a.s.s.HttpSolrCall [admin] webapp=null path=/admin/cores params={indexInfo=false&wt=json&_=1509384053298} status=0 QTime=0
2017-10-30 17:20:56.729 INFO  (qtp205125520-15) [   x:ojs] o.a.s.c.S.Request [ojs]  webapp=/solr path=/admin/luke params={numTerms=0&show=index&wt=json&_=1509384056661} status=0 QTime=19
2017-10-30 17:20:56.738 INFO  (qtp205125520-11) [   x:ojs] o.a.s.c.S.Request [ojs]  webapp=/solr path=/admin/ping params={action=status&wt=json&_=1509384053299&ts=1509384053299} status=503 QTime=1
2017-10-30 17:20:56.739 INFO  (qtp205125520-17) [   x:ojs] o.a.s.c.S.Request [ojs]  webapp=/solr path=/replication params={wt=json&command=details&_=1509384056662} status=0 QTime=8
2017-10-30 17:20:56.748 INFO  (qtp205125520-16) [   ] o.a.s.s.HttpSolrCall [admin] webapp=null path=/admin/info/system params={wt=json&_=1509384053299} status=0 QTime=52
2017-10-30 17:20:56.760 INFO  (qtp205125520-19) [   x:ojs] o.a.s.c.S.Request [ojs]  webapp=/solr path=/admin/system params={wt=json&_=1509384056662} status=0 QTime=31
2017-10-30 17:21:00.213 INFO  (qtp205125520-17) [   ] o.a.s.s.HttpSolrCall [admin] webapp=null path=/admin/cores params={indexInfo=false&wt=json&_=1509384053298} status=0 QTime=0
2017-10-30 17:21:00.224 INFO  (qtp205125520-15) [   x:ojs] o.a.s.c.S.Request [ojs]  webapp=/solr path=/admin/luke params={show=schema&wt=json&_=1509384056661} status=0 QTime=2
2017-10-30 17:21:00.240 INFO  (qtp205125520-16) [   ] o.a.s.s.HttpSolrCall [admin] webapp=null path=/admin/info/system params={wt=json&_=1509384053299} status=0 QTime=24
2017-10-30 17:21:02.257 INFO  (qtp205125520-19) [   ] o.a.s.s.HttpSolrCall [admin] webapp=null path=/admin/cores params={indexInfo=false&wt=json&_=1509384053298} status=0 QTime=0
2017-10-30 17:21:02.265 INFO  (qtp205125520-11) [   ] o.a.s.s.HttpSolrCall [admin] webapp=null path=/admin/info/system params={wt=json&_=1509384053299} status=0 QTime=5
2017-10-30 17:21:03.871 INFO  (qtp205125520-15) [   x:ojs] o.a.s.c.S.Request [ojs]  webapp=/solr path=/select params={q=*:*&indent=on&wt=json&_=1509384062181} hits=1 status=0 QTime=46
